<?xml version="1.0" encoding="UTF-8"?>
<!-- Generated by org.testng.reporters.JUnitXMLReporter -->
<testsuite hostname="HIMANICH" ignored="0" name="Test" tests="4" failures="1" timestamp="2021-10-22T23:23:54 IST" time="6.958" errors="0">
  <testcase name="getCity" time="4.466" classname="rr.rest.TC4GetAllHeader">
    <failure type="java.lang.AssertionError" message="expected [209] but found [200]">
      <![CDATA[java.lang.AssertionError: expected [209] but found [200]
at rr.rest.TC4GetAllHeader.getCity(TC4GetAllHeader.java:29)
at java.util.ArrayList.forEach(ArrayList.java:1259)
... Removed 36 stack frames]]>
    </failure>
  </testcase> <!-- getCity -->
  <testcase name="getCity" time="1.057" classname="rr.rest.TC10DataDrivenTesting"/>
  <testcase name="getCity" time="1.017" classname="rr.rest.TC8BasicAuthentication"/>
  <testcase name="getCity" time="0.344" classname="rr.rest.TC01"/>
</testsuite> <!-- Test -->
