-------------------------------------------------------------------------------
Test set: TestSuite
-------------------------------------------------------------------------------
Tests run: 4, Failures: 1, Errors: 0, Skipped: 0, Time elapsed: 9.056 s <<< FAILURE! - in TestSuite
rr.rest.TC4GetAllHeader.getCity  Time elapsed: 4.477 s  <<< FAILURE!
java.lang.AssertionError: expected [209] but found [200]
	at rr.rest.TC4GetAllHeader.getCity(TC4GetAllHeader.java:29)

