<?xml version="1.0" encoding="UTF-8"?>
<testsuite xmlns:xsi="http://www.w3.org/2001/XMLSchema-instance" xsi:noNamespaceSchemaLocation="https://maven.apache.org/surefire/maven-surefire-plugin/xsd/surefire-test-report-3.0.xsd" version="3.0" name="TestSuite" time="9.056" tests="4" errors="0" skipped="0" failures="1">
  <properties>
[...]
</properties>
  <testcase name="getCity" classname="rr.rest.TC4GetAllHeader" time="4.477">
    <failure message="expected [209] but found [200]" type="java.lang.AssertionError"><![CDATA[java.lang.AssertionError: expected [209] but found [200]
	at rr.rest.TC4GetAllHeader.getCity(TC4GetAllHeader.java:29)
]]></failure>
    <system-out><![CDATA[Request method:	GET
Request URI:	https://maps.googleapis.com/maps/api/place/nearbysearch/xml?location=-33.8670522%2C151.1957362&radius=1500&type=supermarket&key=AIzaSyBjGCE3VpLU4lgTqSTDmHmJ2HoELb4Jy1s
Proxy:			<none>
Request params:	<none>
Query params:	<none>
Form params:	<none>
Path params:	<none>
Headers:		Accept=*/*
Cookies:		<none>
Multiparts:		<none>
Body:			<none>
<?xml version="1.0" encoding="UTF-8"?>
<PlaceSearchResponse>
 <status>REQUEST_DENIED</status>
 <error_message>The provided API key is invalid.</error_message>
</PlaceSearchResponse>

]]></system-out>
  </testcase>
  <testcase name="getCity" classname="rr.rest.TC10DataDrivenTesting" time="1.064">
    <system-out><![CDATA[Request method:	POST
Request URI:	http://dummy.restapiexample.com/api/v1/create
Proxy:			<none>
Request params:	<none>
Query params:	<none>
Form params:	<none>
Path params:	<none>
Headers:		Accept=*/*
				Content-Type=text/plain; charset=ISO-8859-1
Cookies:		<none>
Multiparts:		<none>
Body:
{"name":"teshhhh","salary":"123","age":"23"}
<!DOCTYPE html>
<html lang="en">
    <head>
        <meta charset="utf-8">
        <meta name="viewport" content="width=device-width, initial-scale=1">

        <title>Too Many Requests</title>

        <!-- Fonts -->
        <link rel="dns-prefetch" href="//fonts.gstatic.com">
        <link href="https://fonts.googleapis.com/css?family=Nunito" rel="stylesheet">

        <!-- Styles -->
        <style>
            html, body {
                background-color: #fff;
                color: #636b6f;
                font-family: 'Nunito', sans-serif;
                font-weight: 100;
                height: 100vh;
                margin: 0;
            }

            .full-height {
                height: 100vh;
            }

            .flex-center {
                align-items: center;
                display: flex;
                justify-content: center;
            }

            .position-ref {
                position: relative;
            }

            .code {
                border-right: 2px solid;
                font-size: 26px;
                padding: 0 15px 0 15px;
                text-align: center;
            }

            .message {
                font-size: 18px;
                text-align: center;
            }
        </style>
    </head>
    <body>
        <div class="flex-center position-ref full-height">
            <div class="code">
                429            </div>

            <div class="message" style="padding: 10px;">
                Too Many Requests            </div>
        </div>
    </body>
</html>

]]></system-out>
  </testcase>
  <testcase name="getCity" classname="rr.rest.TC8BasicAuthentication" time="1.016">
    <system-out><![CDATA[Request method:	GET
Request URI:	https://reqres.in/api/users/2
Proxy:			<none>
Request params:	<none>
Query params:	<none>
Form params:	<none>
Path params:	<none>
Headers:		Accept=*/*
Cookies:		<none>
Multiparts:		<none>
Body:			<none>
{"data":{"id":2,"email":"janet.weaver@reqres.in","first_name":"Janet","last_name":"Weaver","avatar":"https://reqres.in/img/faces/2-image.jpg"},"support":{"url":"https://reqres.in/#support-heading","text":"To keep ReqRes free, contributions towards server costs are appreciated!"}}
null
]]></system-out>
  </testcase>
  <testcase name="getCity" classname="rr.rest.TC01" time="0.371">
    <system-out><![CDATA[Request method:	GET
Request URI:	https://reqres.in/api/users/2
Proxy:			<none>
Request params:	<none>
Query params:	<none>
Form params:	<none>
Path params:	<none>
Headers:		Accept=*/*
Cookies:		<none>
Multiparts:		<none>
Body:			<none>
{"data":{"id":2,"email":"janet.weaver@reqres.in","first_name":"Janet","last_name":"Weaver","avatar":"https://reqres.in/img/faces/2-image.jpg"},"support":{"url":"https://reqres.in/#support-heading","text":"To keep ReqRes free, contributions towards server costs are appreciated!"}}
Date	Fri, 22 Oct 2021 17:53:54 GMT
Content-Type	application/json; charset=utf-8
Transfer-Encoding	chunked
Connection	keep-alive
x-powered-by	Express
access-control-allow-origin	*
etag	W/"118-pbdwwFo9SKNhD3Lx5iHJyngpq00"
via	1.1 vegur
Cache-Control	max-age=14400
CF-Cache-Status	HIT
Age	1633
Expect-CT	max-age=604800, report-uri="https://report-uri.cloudflare.com/cdn-cgi/beacon/expect-ct"
Report-To	{"endpoints":[{"url":"https:\/\/a.nel.cloudflare.com\/report\/v3?s=YFeId6%2Fl3HiMRe7Jv36hoKYxXSGjBx5PZ4pKClm7jsnk%2FgJ1YxEDNZoBSL7nLkh8ZiF%2F7dhEbLdiJm9dc5FyQmfYcoCt4ufrs31Io92A%2FxaBpxSRcyYpVIjnDbg%3D"}],"group":"cf-nel","max_age":604800}
NEL	{"success_fraction":0,"report_to":"cf-nel","max_age":604800}
Vary	Accept-Encoding
Server	cloudflare
CF-RAY	6a24967a6bfc6ef4-BOM
Content-Encoding	gzip
alt-svc	h3=":443"; ma=86400, h3-29=":443"; ma=86400, h3-28=":443"; ma=86400, h3-27=":443"; ma=86400
null
]]></system-out>
  </testcase>
</testsuite>